# --- Version 1.0.0 ---
- version: 1.0.0
  package_content:
  - .gitlab-ci.yml
  - gitlab-ci/pipeline_vars.yaml
  - test_folder/test_file.md

# --- Version 1.0.0 ---
- version: 1.0.0
  package_content:
  - .gitlab-ci.yml
  - gitlab-ci/pipeline_vars.yaml

# --- Version 1.0.0 ---
- version: 1.0.0
  package_content:
  - .gitlab-ci.yml
  - gitlab-ci/pipeline_vars.yaml
  - test-data/test-file.md

# --- Version 1.0.1 ---
- version: 1.0.1
  package_content:
  - .gitlab-ci.yml
  - gitlab-ci/pipeline_vars.yaml

# --- Version 1.0.0 ---
- version: 1.0.0 (current)
  package_content:
  - .gitlab-ci.yml
  - gitlab-ci/.gitignore
  - gitlab-ci/pipeline_vars.yaml
  - hooks/post_gen_project.py
